<?xml version="1.0" encoding="utf-8"?>
<TestRun id="9cb7cc9f-c487-4e93-9428-eeabd99a0d63" name="@localhost 2023-08-13 11:33:38" xmlns="http://microsoft.com/schemas/VisualStudio/TeamTest/2010">
  <Times creation="2023-08-13T11:33:38.3644030+08:00" queuing="2023-08-13T11:33:38.3644030+08:00" start="2023-08-13T11:33:37.8460944+08:00" finish="2023-08-13T11:33:38.3648138+08:00" />
  <TestSettings name="default" id="0acc583f-894d-4f6e-82f8-e5c239d5f409">
    <Deployment runDeploymentRoot="_localhost_2023-08-13_11_33_38" />
  </TestSettings>
  <TestLists>
    <TestList name="Results Not in a List" id="8c84fa94-04c1-424b-9868-57a2d4851a1d" />
    <TestList name="All Loaded Results" id="19431567-8539-422a-85d7-44ee4e166bda" />
  </TestLists>
  <ResultSummary outcome="Completed">
    <Counters total="0" executed="0" passed="0" failed="0" error="0" timeout="0" aborted="0" inconclusive="0" passedButRunAborted="0" notRunnable="0" notExecuted="0" disconnected="0" warning="0" completed="0" inProgress="0" pending="0" />
    <Output>
      <StdOut>NUnit Adapter 4.4.0.0: Test execution started
Running selected tests in /home/muqiu-han/Workspace/riscv.net/RiscV.NET.Test/bin/Debug/net7.0/RiscV.NET.Test.dll
   NUnit3TestExecutor discovered 0 of 0 NUnit test cases using Current Discovery mode, Explicit run
NUnit Adapter 4.4.0.0: Test execution complete
</StdOut>
    </Output>
    <RunInfos>
      <RunInfo computerName="localhost" outcome="Warning" timestamp="2023-08-13T11:33:38.3014876+08:00">
        <Text>No test matches the given testcase filter `(FullyQualifiedName=RiscV.Net.Test.Program+ASMTests.test_jal)` in /home/muqiu-han/Workspace/riscv.net/RiscV.NET.Test/bin/Debug/net7.0/RiscV.NET.Test.dll</Text>
      </RunInfo>
    </RunInfos>
  </ResultSummary>
</TestRun>