<?xml version="1.0" encoding="utf-8"?>
<TestRun id="c7747bbb-7341-419f-92a4-c77ba86c3da5" name="@localhost 2023-08-13 11:24:36" xmlns="http://microsoft.com/schemas/VisualStudio/TeamTest/2010">
  <Times creation="2023-08-13T11:24:36.3965218+08:00" queuing="2023-08-13T11:24:36.3965218+08:00" start="2023-08-13T11:24:35.8990099+08:00" finish="2023-08-13T11:24:36.3969342+08:00" />
  <TestSettings name="default" id="e0ae58bb-e840-43d5-a747-79541b8117c1">
    <Deployment runDeploymentRoot="_localhost_2023-08-13_11_24_36" />
  </TestSettings>
  <TestLists>
    <TestList name="Results Not in a List" id="8c84fa94-04c1-424b-9868-57a2d4851a1d" />
    <TestList name="All Loaded Results" id="19431567-8539-422a-85d7-44ee4e166bda" />
  </TestLists>
  <ResultSummary outcome="Completed">
    <Counters total="0" executed="0" passed="0" failed="0" error="0" timeout="0" aborted="0" inconclusive="0" passedButRunAborted="0" notRunnable="0" notExecuted="0" disconnected="0" warning="0" completed="0" inProgress="0" pending="0" />
    <Output>
      <StdOut>NUnit Adapter 4.4.0.0: Test execution started
Running selected tests in /home/muqiu-han/Workspace/riscv.net/RiscV.NET.Test/bin/Debug/net7.0/RiscV.NET.Test.dll
   NUnit3TestExecutor discovered 0 of 0 NUnit test cases using Current Discovery mode, Explicit run
NUnit Adapter 4.4.0.0: Test execution complete
</StdOut>
    </Output>
    <RunInfos>
      <RunInfo computerName="localhost" outcome="Warning" timestamp="2023-08-13T11:24:36.3394366+08:00">
        <Text>No test matches the given testcase filter `(FullyQualifiedName~RiscV.Net.Test.Program+ASMTests.`test)` in /home/muqiu-han/Workspace/riscv.net/RiscV.NET.Test/bin/Debug/net7.0/RiscV.NET.Test.dll</Text>
      </RunInfo>
    </RunInfos>
  </ResultSummary>
</TestRun>